2021-12-14 07:41:38,823:INFO:PyCaret Supervised Module
2021-12-14 07:41:38,824:INFO:ML Usecase: clustering
2021-12-14 07:41:38,824:INFO:version 2.2.3
2021-12-14 07:41:38,824:INFO:Initializing setup()
2021-12-14 07:41:38,824:INFO:setup(target=None, ml_usecase=clustering, available_plots={'cluster': 'Cluster PCA Plot (2d)', 'tsne': 'Cluster TSnE (3d)', 'elbow': 'Elbow', 'silhouette': 'Silhouette', 'distance': 'Distance', 'distribution': 'Distribution'}, train_size=0.7, test_data=None, preprocess=True, imputation_type=simple, iterative_imputation_iters=5, categorical_features=None, categorical_imputation=mode, categorical_iterative_imputer=lightgbm, ordinal_features=None, high_cardinality_features=None, high_cardinality_method=frequency, numeric_features=None, numeric_imputation=mean, numeric_iterative_imputer=lightgbm, date_features=None, ignore_features=['CUST_CODE', 'FirstDate', 'LastDate'], normalize=True, normalize_method=zscore, transformation=False, transformation_method=yeo-johnson, handle_unknown_categorical=True, unknown_categorical_method=least_frequent, pca=False, pca_method=linear, pca_components=None, ignore_low_variance=False, combine_rare_levels=False, rare_level_threshold=0.1, bin_numeric_features=None, remove_outliers=False, outliers_threshold=0.05, remove_multicollinearity=False, multicollinearity_threshold=0.9, remove_perfect_collinearity=False, create_clusters=False, cluster_iter=20, polynomial_features=False, polynomial_degree=2, trigonometry_features=False, polynomial_threshold=0.1, group_features=None, group_names=None, feature_selection=False, feature_selection_threshold=0.8, feature_selection_method=classic, feature_interaction=False, feature_ratio=False, interaction_threshold=0.01, fix_imbalance=False, fix_imbalance_method=None, transform_target=False, transform_target_method=box-cox, data_split_shuffle=False, data_split_stratify=False, fold_strategy=kfold, fold=10, fold_shuffle=False, fold_groups=None, n_jobs=-1, use_gpu=False, custom_pipeline=None, html=True, session_id=None, log_experiment=False, experiment_name=None, log_plots=False, log_profile=False, log_data=False, silent=False, verbose=True, profile=False, profile_kwargs=None, display=None)
2021-12-14 07:41:38,824:INFO:Checking environment
2021-12-14 07:41:38,824:INFO:python_version: 3.8.3
2021-12-14 07:41:38,824:INFO:python_build: ('default', 'Jul  2 2020 11:26:31')
2021-12-14 07:41:38,825:INFO:machine: x86_64
2021-12-14 07:41:38,849:INFO:platform: macOS-10.14.6-x86_64-i386-64bit
2021-12-14 07:41:38,850:INFO:Memory: svmem(total=8589934592, available=2717282304, percent=68.4, used=4929286144, free=19697664, active=2699051008, inactive=2696900608, wired=2230235136)
2021-12-14 07:41:38,850:INFO:Physical Core: 2
2021-12-14 07:41:38,850:INFO:Logical Core: 4
2021-12-14 07:41:38,850:INFO:Checking libraries
2021-12-14 07:41:38,851:INFO:pd==1.3.5
2021-12-14 07:41:38,851:INFO:numpy==1.19.5
2021-12-14 07:41:38,851:INFO:sklearn==0.23.2
2021-12-14 07:41:39,483:INFO:xgboost==1.1.1
2021-12-14 07:41:39,483:INFO:lightgbm==2.3.1
2021-12-14 07:41:39,567:INFO:catboost==1.0.3
2021-12-14 07:41:40,138:INFO:mlflow==1.7.0
2021-12-14 07:41:40,139:INFO:Checking Exceptions
2021-12-14 07:41:40,139:INFO:Declaring global variables
2021-12-14 07:41:40,139:INFO:USI: bdc6
2021-12-14 07:41:40,139:INFO:pycaret_globals: {'_all_metrics', 'fold_groups_param', 'fold_generator', 'seed', 'log_plots_param', 'stratify_param', '_available_plots', '_internal_pipeline', 'master_model_container', '_ml_usecase', 'experiment__', 'gpu_param', 'fix_imbalance_param', 'transform_target_method_param', 'create_model_container', 'n_jobs_param', 'imputation_regressor', 'prep_pipe', 'transform_target_param', 'imputation_classifier', '_all_models', 'pycaret_globals', 'X', 'data_before_preprocess', 'target_param', '_all_models_internal', 'fix_imbalance_method_param', 'fold_shuffle_param', 'exp_name_log', 'fold_param', 'html_param', 'display_container', 'iterative_imputation_iters_param', '_gpu_n_jobs_param', 'USI', 'logging_param'}
2021-12-14 07:41:40,139:INFO:Preparing display monitor
2021-12-14 07:41:40,139:INFO:Preparing display monitor
2021-12-14 07:41:40,160:INFO:Importing libraries
2021-12-14 07:41:40,160:INFO:Copying data for preprocessing
2021-12-14 07:41:40,177:INFO:Declaring preprocessing parameters
2021-12-14 07:41:40,181:INFO:Creating preprocessing pipeline
2021-12-14 07:41:40,209:INFO:Preprocessing pipeline created successfully
2021-12-14 07:41:40,209:ERROR:(Process Exit): setup has been interupted with user command 'quit'. setup must rerun.
2021-12-14 07:41:40,209:INFO:Creating global containers
2021-12-14 07:41:40,211:INFO:Internal pipeline: Pipeline(memory=None, steps=[('empty_step', 'passthrough')], verbose=False)
2021-12-14 10:39:20,385:INFO:Creating grid variables
2021-12-14 10:39:20,422:INFO:create_model_container: 0
2021-12-14 10:39:20,422:INFO:master_model_container: 0
2021-12-14 10:39:20,423:INFO:display_container: 1
2021-12-14 10:39:20,442:INFO:Pipeline(memory=None,
         steps=[('dtypes',
                 DataTypes_Auto_infer(categorical_features=[],
                                      display_types=True,
                                      features_todrop=['CUST_CODE', 'FirstDate',
                                                       'LastDate'],
                                      id_columns=[], ml_usecase='regression',
                                      numerical_features=[],
                                      target='UNSUPERVISED_DUMMY_TARGET',
                                      time_features=[])),
                ('imputer',
                 Simple_Imputer(categorical_strategy='most frequent',
                                fill_value_categori...
                ('P_transform', 'passthrough'), ('binn', 'passthrough'),
                ('rem_outliers', 'passthrough'), ('cluster_all', 'passthrough'),
                ('dummy', Dummify(target='UNSUPERVISED_DUMMY_TARGET')),
                ('fix_perfect', 'passthrough'),
                ('clean_names', Clean_Colum_Names()),
                ('feature_select', 'passthrough'), ('fix_multi', 'passthrough'),
                ('dfs', 'passthrough'), ('pca', 'passthrough')],
         verbose=False)
2021-12-14 10:39:20,442:INFO:setup() succesfully completed......................................
2021-12-14 10:39:25,866:INFO:gpu_param set to False
2021-12-14 10:39:30,663:INFO:gpu_param set to False
2021-12-14 10:39:30,665:INFO:Initializing create_model()
2021-12-14 10:39:30,665:INFO:create_model(estimator=kmeans, num_clusters=4, fraction=0.05, ground_truth=None, round=4, fit_kwargs=None, verbose=True, system=True, raise_num_clusters=False, display=None, kwargs={})
2021-12-14 10:39:30,665:INFO:Checking exceptions
2021-12-14 10:39:30,667:INFO:Preparing display monitor
2021-12-14 10:39:30,723:INFO:Importing libraries
2021-12-14 10:39:30,743:INFO:Importing untrained model
2021-12-14 10:39:30,756:INFO:K-Means Clustering Imported succesfully
2021-12-14 10:39:30,771:INFO:Fitting Model
2021-12-14 10:39:31,647:INFO:KMeans(algorithm='auto', copy_x=True, init='k-means++', max_iter=300,
       n_clusters=4, n_init=10, n_jobs=-1, precompute_distances='deprecated',
       random_state=5478, tol=0.0001, verbose=0)
2021-12-14 10:39:31,647:INFO:create_models() succesfully completed......................................
2021-12-14 10:39:31,648:INFO:Uploading results into container
2021-12-14 10:39:31,651:INFO:Uploading model into container now
2021-12-14 10:39:31,660:INFO:create_model_container: 1
2021-12-14 10:39:31,660:INFO:master_model_container: 1
2021-12-14 10:39:31,660:INFO:display_container: 2
2021-12-14 10:39:31,661:INFO:KMeans(algorithm='auto', copy_x=True, init='k-means++', max_iter=300,
       n_clusters=4, n_init=10, n_jobs=-1, precompute_distances='deprecated',
       random_state=5478, tol=0.0001, verbose=0)
2021-12-14 10:39:31,661:INFO:create_model() succesfully completed......................................
2021-12-14 10:39:31,765:INFO:Initializing create_model()
2021-12-14 10:39:31,765:INFO:create_model(estimator=ap, num_clusters=4, fraction=0.05, ground_truth=None, round=4, fit_kwargs=None, verbose=True, system=True, raise_num_clusters=False, display=None, kwargs={})
2021-12-14 10:39:31,765:INFO:Checking exceptions
2021-12-14 10:39:31,766:INFO:Preparing display monitor
2021-12-14 10:39:31,803:INFO:Importing libraries
2021-12-14 10:39:31,825:INFO:Importing untrained model
2021-12-14 10:39:31,841:INFO:Affinity Propagation Imported succesfully
2021-12-14 10:39:31,859:INFO:Fitting Model
2021-12-14 10:41:56,496:INFO:AffinityPropagation(affinity='euclidean', convergence_iter=15, copy=True,
                    damping=0.5, max_iter=200, preference=None,
                    random_state='warn', verbose=False)
2021-12-14 10:41:56,498:INFO:create_models() succesfully completed......................................
2021-12-14 10:41:56,499:INFO:Uploading results into container
2021-12-14 10:41:56,503:INFO:Uploading model into container now
2021-12-14 10:41:56,509:INFO:create_model_container: 2
2021-12-14 10:41:56,511:INFO:master_model_container: 2
2021-12-14 10:41:56,512:INFO:display_container: 3
2021-12-14 10:41:56,512:INFO:AffinityPropagation(affinity='euclidean', convergence_iter=15, copy=True,
                    damping=0.5, max_iter=200, preference=None,
                    random_state='warn', verbose=False)
2021-12-14 10:41:56,513:INFO:create_model() succesfully completed......................................
2021-12-14 10:41:56,612:INFO:Initializing create_model()
2021-12-14 10:41:56,613:INFO:create_model(estimator=sc, num_clusters=4, fraction=0.05, ground_truth=None, round=4, fit_kwargs=None, verbose=True, system=True, raise_num_clusters=False, display=None, kwargs={})
2021-12-14 10:41:56,613:INFO:Checking exceptions
2021-12-14 10:41:56,613:INFO:Preparing display monitor
2021-12-14 10:41:56,644:INFO:Importing libraries
2021-12-14 10:41:56,661:INFO:Importing untrained model
2021-12-14 10:41:56,682:INFO:Spectral Clustering Imported succesfully
2021-12-14 10:41:56,698:INFO:Fitting Model
2021-12-14 10:42:05,934:INFO:SpectralClustering(affinity='rbf', assign_labels='kmeans', coef0=1, degree=3,
                   eigen_solver=None, eigen_tol=0.0, gamma=1.0,
                   kernel_params=None, n_clusters=4, n_components=None,
                   n_init=10, n_jobs=-1, n_neighbors=10, random_state=5478)
2021-12-14 10:42:05,934:INFO:create_models() succesfully completed......................................
2021-12-14 10:42:05,935:INFO:Uploading results into container
2021-12-14 10:42:05,938:INFO:Uploading model into container now
2021-12-14 10:42:05,945:INFO:create_model_container: 3
2021-12-14 10:42:05,947:INFO:master_model_container: 3
2021-12-14 10:42:05,947:INFO:display_container: 4
2021-12-14 10:42:05,948:INFO:SpectralClustering(affinity='rbf', assign_labels='kmeans', coef0=1, degree=3,
                   eigen_solver=None, eigen_tol=0.0, gamma=1.0,
                   kernel_params=None, n_clusters=4, n_components=None,
                   n_init=10, n_jobs=-1, n_neighbors=10, random_state=5478)
2021-12-14 10:42:05,948:INFO:create_model() succesfully completed......................................
2021-12-14 10:42:06,050:INFO:Initializing create_model()
2021-12-14 10:42:06,050:INFO:create_model(estimator=hclust, num_clusters=4, fraction=0.05, ground_truth=None, round=4, fit_kwargs=None, verbose=True, system=True, raise_num_clusters=False, display=None, kwargs={})
2021-12-14 10:42:06,050:INFO:Checking exceptions
2021-12-14 10:42:06,050:INFO:Preparing display monitor
2021-12-14 10:42:06,083:INFO:Importing libraries
2021-12-14 10:42:06,098:INFO:Importing untrained model
2021-12-14 10:42:06,109:INFO:Agglomerative Clustering Imported succesfully
2021-12-14 10:42:06,122:INFO:Fitting Model
2021-12-14 10:42:08,262:INFO:AgglomerativeClustering(affinity='euclidean', compute_full_tree='auto',
                        connectivity=None, distance_threshold=None,
                        linkage='ward', memory=None, n_clusters=4)
2021-12-14 10:42:08,262:INFO:create_models() succesfully completed......................................
2021-12-14 10:42:08,263:INFO:Uploading results into container
2021-12-14 10:42:08,265:INFO:Uploading model into container now
2021-12-14 10:42:08,273:INFO:create_model_container: 4
2021-12-14 10:42:08,276:INFO:master_model_container: 4
2021-12-14 10:42:08,276:INFO:display_container: 5
2021-12-14 10:42:08,277:INFO:AgglomerativeClustering(affinity='euclidean', compute_full_tree='auto',
                        connectivity=None, distance_threshold=None,
                        linkage='ward', memory=None, n_clusters=4)
2021-12-14 10:42:08,277:INFO:create_model() succesfully completed......................................
2021-12-14 10:42:08,370:INFO:Initializing create_model()
2021-12-14 10:42:08,370:INFO:create_model(estimator=dbscan, num_clusters=4, fraction=0.05, ground_truth=None, round=4, fit_kwargs=None, verbose=True, system=True, raise_num_clusters=False, display=None, kwargs={})
2021-12-14 10:42:08,370:INFO:Checking exceptions
2021-12-14 10:42:08,370:INFO:Preparing display monitor
2021-12-14 10:42:08,407:INFO:Importing libraries
2021-12-14 10:42:08,422:INFO:Importing untrained model
2021-12-14 10:42:08,442:INFO:Density-Based Spatial Clustering Imported succesfully
2021-12-14 10:42:08,466:INFO:Fitting Model
2021-12-14 10:42:09,321:INFO:DBSCAN(algorithm='auto', eps=0.5, leaf_size=30, metric='euclidean',
       metric_params=None, min_samples=5, n_jobs=-1, p=None)
2021-12-14 10:42:09,321:INFO:create_models() succesfully completed......................................
2021-12-14 10:42:09,322:INFO:Uploading results into container
2021-12-14 10:42:09,326:INFO:Uploading model into container now
2021-12-14 10:42:09,333:INFO:create_model_container: 5
2021-12-14 10:42:09,335:INFO:master_model_container: 5
2021-12-14 10:42:09,335:INFO:display_container: 6
2021-12-14 10:42:09,335:INFO:DBSCAN(algorithm='auto', eps=0.5, leaf_size=30, metric='euclidean',
       metric_params=None, min_samples=5, n_jobs=-1, p=None)
2021-12-14 10:42:09,335:INFO:create_model() succesfully completed......................................
2021-12-14 10:42:09,448:INFO:Initializing create_model()
2021-12-14 10:42:09,448:INFO:create_model(estimator=birch, num_clusters=4, fraction=0.05, ground_truth=None, round=4, fit_kwargs=None, verbose=True, system=True, raise_num_clusters=False, display=None, kwargs={})
2021-12-14 10:42:09,448:INFO:Checking exceptions
2021-12-14 10:42:09,448:INFO:Preparing display monitor
2021-12-14 10:42:09,477:INFO:Importing libraries
2021-12-14 10:42:09,491:INFO:Importing untrained model
2021-12-14 10:42:09,505:INFO:Birch Clustering Imported succesfully
2021-12-14 10:42:09,522:INFO:Fitting Model
2021-12-14 10:42:10,520:INFO:Birch(branching_factor=50, compute_labels=True, copy=True, n_clusters=4,
      threshold=0.5)
2021-12-14 10:42:10,520:INFO:create_models() succesfully completed......................................
2021-12-14 10:42:10,520:INFO:Uploading results into container
2021-12-14 10:42:10,523:INFO:Uploading model into container now
2021-12-14 10:42:10,531:INFO:create_model_container: 6
2021-12-14 10:42:10,531:INFO:master_model_container: 6
2021-12-14 10:42:10,531:INFO:display_container: 7
2021-12-14 10:42:10,532:INFO:Birch(branching_factor=50, compute_labels=True, copy=True, n_clusters=4,
      threshold=0.5)
2021-12-14 10:42:10,532:INFO:create_model() succesfully completed......................................
2021-12-14 10:42:10,619:INFO:Initializing create_model()
2021-12-14 10:42:10,619:INFO:create_model(estimator=kmodes, num_clusters=4, fraction=0.05, ground_truth=None, round=4, fit_kwargs=None, verbose=True, system=True, raise_num_clusters=False, display=None, kwargs={})
2021-12-14 10:42:10,619:INFO:Checking exceptions
2021-12-14 10:42:10,620:INFO:Preparing display monitor
2021-12-14 10:42:10,652:INFO:Importing libraries
2021-12-14 10:42:10,665:INFO:Importing untrained model
2021-12-14 10:42:10,677:INFO:K-Modes Clustering Imported succesfully
2021-12-14 10:42:10,691:INFO:Fitting Model
2021-12-14 10:42:13,924:INFO:KModes(cat_dissim=<function matching_dissim at 0x130bfc820>, init='Cao',
       max_iter=100, n_clusters=4, n_init=1, n_jobs=-1, random_state=5478,
       verbose=0)
2021-12-14 10:42:13,926:INFO:create_models() succesfully completed......................................
2021-12-14 10:42:13,927:INFO:Uploading results into container
2021-12-14 10:42:13,933:INFO:Uploading model into container now
2021-12-14 10:42:13,954:INFO:create_model_container: 7
2021-12-14 10:42:13,954:INFO:master_model_container: 7
2021-12-14 10:42:13,954:INFO:display_container: 8
2021-12-14 10:42:13,955:INFO:KModes(cat_dissim=<function matching_dissim at 0x130bfc820>, init='Cao',
       max_iter=100, n_clusters=4, n_init=1, n_jobs=-1, random_state=5478,
       verbose=0)
2021-12-14 10:42:13,955:INFO:create_model() succesfully completed......................................
2021-12-14 12:16:18,715:INFO:PyCaret Supervised Module
2021-12-14 12:16:18,718:INFO:ML Usecase: clustering
2021-12-14 12:16:18,735:INFO:version 2.2.3
2021-12-14 12:16:18,735:INFO:Initializing setup()
2021-12-14 12:16:18,735:INFO:setup(target=None, ml_usecase=clustering, available_plots={'cluster': 'Cluster PCA Plot (2d)', 'tsne': 'Cluster TSnE (3d)', 'elbow': 'Elbow', 'silhouette': 'Silhouette', 'distance': 'Distance', 'distribution': 'Distribution'}, train_size=0.7, test_data=None, preprocess=True, imputation_type=simple, iterative_imputation_iters=5, categorical_features=None, categorical_imputation=mode, categorical_iterative_imputer=lightgbm, ordinal_features=None, high_cardinality_features=None, high_cardinality_method=frequency, numeric_features=None, numeric_imputation=mean, numeric_iterative_imputer=lightgbm, date_features=None, ignore_features=['CUST_CODE', 'FirstDate', 'LastDate'], normalize=True, normalize_method=zscore, transformation=False, transformation_method=yeo-johnson, handle_unknown_categorical=True, unknown_categorical_method=least_frequent, pca=False, pca_method=linear, pca_components=None, ignore_low_variance=False, combine_rare_levels=False, rare_level_threshold=0.1, bin_numeric_features=None, remove_outliers=False, outliers_threshold=0.05, remove_multicollinearity=False, multicollinearity_threshold=0.9, remove_perfect_collinearity=False, create_clusters=False, cluster_iter=20, polynomial_features=False, polynomial_degree=2, trigonometry_features=False, polynomial_threshold=0.1, group_features=None, group_names=None, feature_selection=False, feature_selection_threshold=0.8, feature_selection_method=classic, feature_interaction=False, feature_ratio=False, interaction_threshold=0.01, fix_imbalance=False, fix_imbalance_method=None, transform_target=False, transform_target_method=box-cox, data_split_shuffle=False, data_split_stratify=False, fold_strategy=kfold, fold=10, fold_shuffle=False, fold_groups=None, n_jobs=-1, use_gpu=False, custom_pipeline=None, html=True, session_id=None, log_experiment=False, experiment_name=None, log_plots=False, log_profile=False, log_data=False, silent=False, verbose=True, profile=False, profile_kwargs=None, display=None)
2021-12-14 12:16:18,735:INFO:Checking environment
2021-12-14 12:16:18,736:INFO:python_version: 3.8.3
2021-12-14 12:16:18,736:INFO:python_build: ('default', 'Jul  2 2020 11:26:31')
2021-12-14 12:16:18,736:INFO:machine: x86_64
2021-12-14 12:16:18,874:INFO:platform: macOS-10.14.6-x86_64-i386-64bit
2021-12-14 12:16:18,878:INFO:Memory: svmem(total=8589934592, available=2385051648, percent=72.2, used=4569092096, free=18558976, active=2367438848, inactive=2365607936, wired=2201653248)
2021-12-14 12:16:18,878:INFO:Physical Core: 2
2021-12-14 12:16:18,878:INFO:Logical Core: 4
2021-12-14 12:16:18,878:INFO:Checking libraries
2021-12-14 12:16:18,878:INFO:pd==1.3.5
2021-12-14 12:16:18,879:INFO:numpy==1.19.5
2021-12-14 12:16:18,879:INFO:sklearn==0.23.2
2021-12-14 12:16:19,940:INFO:xgboost==1.1.1
2021-12-14 12:16:19,940:INFO:lightgbm==2.3.1
2021-12-14 12:16:19,986:INFO:catboost==1.0.3
2021-12-14 12:16:20,863:INFO:mlflow==1.7.0
2021-12-14 12:16:20,863:INFO:Checking Exceptions
2021-12-14 12:16:20,863:INFO:Declaring global variables
2021-12-14 12:16:20,863:INFO:USI: eae6
2021-12-14 12:16:20,866:INFO:pycaret_globals: {'_gpu_n_jobs_param', 'logging_param', 'transform_target_method_param', 'imputation_regressor', '_ml_usecase', 'fold_param', 'stratify_param', 'fold_groups_param', 'fold_generator', 'USI', 'iterative_imputation_iters_param', 'prep_pipe', 'create_model_container', 'exp_name_log', 'master_model_container', '_all_metrics', 'transform_target_param', 'imputation_classifier', '_all_models_internal', 'log_plots_param', 'experiment__', 'fold_shuffle_param', 'n_jobs_param', '_all_models', 'fix_imbalance_method_param', 'display_container', 'gpu_param', 'seed', 'data_before_preprocess', 'X', '_internal_pipeline', '_available_plots', 'fix_imbalance_param', 'target_param', 'pycaret_globals', 'html_param'}
2021-12-14 12:16:20,866:INFO:Preparing display monitor
2021-12-14 12:16:20,867:INFO:Preparing display monitor
2021-12-14 12:16:20,913:INFO:Importing libraries
2021-12-14 12:16:20,913:INFO:Copying data for preprocessing
2021-12-14 12:16:20,938:INFO:Declaring preprocessing parameters
2021-12-14 12:16:20,952:INFO:Creating preprocessing pipeline
2021-12-14 12:16:21,006:INFO:Preprocessing pipeline created successfully
2021-12-14 12:16:21,010:ERROR:(Process Exit): setup has been interupted with user command 'quit'. setup must rerun.
2021-12-14 12:16:21,010:INFO:Creating global containers
2021-12-14 12:16:21,013:INFO:Internal pipeline: Pipeline(memory=None, steps=[('empty_step', 'passthrough')], verbose=False)
2021-12-14 12:16:27,039:INFO:Creating grid variables
2021-12-14 12:16:27,064:INFO:create_model_container: 0
2021-12-14 12:16:27,064:INFO:master_model_container: 0
2021-12-14 12:16:27,064:INFO:display_container: 1
2021-12-14 12:16:27,073:INFO:Pipeline(memory=None,
         steps=[('dtypes',
                 DataTypes_Auto_infer(categorical_features=[],
                                      display_types=True,
                                      features_todrop=['CUST_CODE', 'FirstDate',
                                                       'LastDate'],
                                      id_columns=[], ml_usecase='regression',
                                      numerical_features=[],
                                      target='UNSUPERVISED_DUMMY_TARGET',
                                      time_features=[])),
                ('imputer',
                 Simple_Imputer(categorical_strategy='most frequent',
                                fill_value_categori...
                ('P_transform', 'passthrough'), ('binn', 'passthrough'),
                ('rem_outliers', 'passthrough'), ('cluster_all', 'passthrough'),
                ('dummy', Dummify(target='UNSUPERVISED_DUMMY_TARGET')),
                ('fix_perfect', 'passthrough'),
                ('clean_names', Clean_Colum_Names()),
                ('feature_select', 'passthrough'), ('fix_multi', 'passthrough'),
                ('dfs', 'passthrough'), ('pca', 'passthrough')],
         verbose=False)
2021-12-14 12:16:27,074:INFO:setup() succesfully completed......................................
2021-12-14 12:16:42,370:INFO:gpu_param set to False
2021-12-14 12:19:35,937:INFO:gpu_param set to False
2021-12-14 12:19:35,941:INFO:Initializing create_model()
2021-12-14 12:19:35,941:INFO:create_model(estimator=kmeans, num_clusters=4, fraction=0.05, ground_truth=None, round=4, fit_kwargs=None, verbose=True, system=True, raise_num_clusters=False, display=None, kwargs={})
2021-12-14 12:19:35,941:INFO:Checking exceptions
2021-12-14 12:19:35,942:INFO:Preparing display monitor
2021-12-14 12:19:36,010:INFO:Importing libraries
2021-12-14 12:19:36,032:INFO:Importing untrained model
2021-12-14 12:19:36,058:INFO:K-Means Clustering Imported succesfully
2021-12-14 12:19:36,072:INFO:Fitting Model
2021-12-14 12:19:36,543:INFO:KMeans(algorithm='auto', copy_x=True, init='k-means++', max_iter=300,
       n_clusters=4, n_init=10, n_jobs=-1, precompute_distances='deprecated',
       random_state=1839, tol=0.0001, verbose=0)
2021-12-14 12:19:36,543:INFO:create_models() succesfully completed......................................
2021-12-14 12:19:36,544:INFO:Uploading results into container
2021-12-14 12:19:36,547:INFO:Uploading model into container now
2021-12-14 12:19:36,557:INFO:create_model_container: 1
2021-12-14 12:19:36,558:INFO:master_model_container: 1
2021-12-14 12:19:36,558:INFO:display_container: 2
2021-12-14 12:19:36,558:INFO:KMeans(algorithm='auto', copy_x=True, init='k-means++', max_iter=300,
       n_clusters=4, n_init=10, n_jobs=-1, precompute_distances='deprecated',
       random_state=1839, tol=0.0001, verbose=0)
2021-12-14 12:19:36,558:INFO:create_model() succesfully completed......................................
2021-12-14 12:19:36,678:INFO:Initializing create_model()
2021-12-14 12:19:36,678:INFO:create_model(estimator=ap, num_clusters=4, fraction=0.05, ground_truth=None, round=4, fit_kwargs=None, verbose=True, system=True, raise_num_clusters=False, display=None, kwargs={})
2021-12-14 12:19:36,678:INFO:Checking exceptions
2021-12-14 12:19:36,678:INFO:Preparing display monitor
2021-12-14 12:19:36,728:INFO:Importing libraries
2021-12-14 12:19:36,749:INFO:Importing untrained model
2021-12-14 12:19:36,774:INFO:Affinity Propagation Imported succesfully
2021-12-14 12:19:36,877:INFO:Fitting Model
2021-12-14 12:19:37,325:INFO:AffinityPropagation(affinity='euclidean', convergence_iter=15, copy=True,
                    damping=0.5, max_iter=200, preference=None,
                    random_state='warn', verbose=False)
2021-12-14 12:19:37,326:INFO:create_models() succesfully completed......................................
2021-12-14 12:19:37,326:INFO:Uploading results into container
2021-12-14 12:19:37,329:INFO:Uploading model into container now
2021-12-14 12:19:37,337:INFO:create_model_container: 2
2021-12-14 12:19:37,338:INFO:master_model_container: 2
2021-12-14 12:19:37,338:INFO:display_container: 3
2021-12-14 12:19:37,342:INFO:AffinityPropagation(affinity='euclidean', convergence_iter=15, copy=True,
                    damping=0.5, max_iter=200, preference=None,
                    random_state='warn', verbose=False)
2021-12-14 12:19:37,342:INFO:create_model() succesfully completed......................................
2021-12-14 12:19:37,519:INFO:Initializing create_model()
2021-12-14 12:19:37,519:INFO:create_model(estimator=sc, num_clusters=4, fraction=0.05, ground_truth=None, round=4, fit_kwargs=None, verbose=True, system=True, raise_num_clusters=False, display=None, kwargs={})
2021-12-14 12:19:37,519:INFO:Checking exceptions
2021-12-14 12:19:37,519:INFO:Preparing display monitor
2021-12-14 12:19:37,592:INFO:Importing libraries
2021-12-14 12:19:37,613:INFO:Importing untrained model
2021-12-14 12:19:37,635:INFO:Spectral Clustering Imported succesfully
2021-12-14 12:19:37,671:INFO:Fitting Model
2021-12-14 12:19:38,402:INFO:SpectralClustering(affinity='rbf', assign_labels='kmeans', coef0=1, degree=3,
                   eigen_solver=None, eigen_tol=0.0, gamma=1.0,
                   kernel_params=None, n_clusters=4, n_components=None,
                   n_init=10, n_jobs=-1, n_neighbors=10, random_state=1839)
2021-12-14 12:19:38,402:INFO:create_models() succesfully completed......................................
2021-12-14 12:19:38,403:INFO:Uploading results into container
2021-12-14 12:19:38,410:INFO:Uploading model into container now
2021-12-14 12:19:38,419:INFO:create_model_container: 3
2021-12-14 12:19:38,419:INFO:master_model_container: 3
2021-12-14 12:19:38,419:INFO:display_container: 4
2021-12-14 12:19:38,420:INFO:SpectralClustering(affinity='rbf', assign_labels='kmeans', coef0=1, degree=3,
                   eigen_solver=None, eigen_tol=0.0, gamma=1.0,
                   kernel_params=None, n_clusters=4, n_components=None,
                   n_init=10, n_jobs=-1, n_neighbors=10, random_state=1839)
2021-12-14 12:19:38,420:INFO:create_model() succesfully completed......................................
2021-12-14 12:19:38,562:INFO:Initializing create_model()
2021-12-14 12:19:38,562:INFO:create_model(estimator=hclust, num_clusters=4, fraction=0.05, ground_truth=None, round=4, fit_kwargs=None, verbose=True, system=True, raise_num_clusters=False, display=None, kwargs={})
2021-12-14 12:19:38,562:INFO:Checking exceptions
2021-12-14 12:19:38,562:INFO:Preparing display monitor
2021-12-14 12:19:38,618:INFO:Importing libraries
2021-12-14 12:19:38,647:INFO:Importing untrained model
2021-12-14 12:19:38,667:INFO:Agglomerative Clustering Imported succesfully
2021-12-14 12:19:38,797:INFO:Fitting Model
2021-12-14 12:19:38,852:INFO:AgglomerativeClustering(affinity='euclidean', compute_full_tree='auto',
                        connectivity=None, distance_threshold=None,
                        linkage='ward', memory=None, n_clusters=4)
2021-12-14 12:19:38,852:INFO:create_models() succesfully completed......................................
2021-12-14 12:19:38,853:INFO:Uploading results into container
2021-12-14 12:19:38,868:INFO:Uploading model into container now
2021-12-14 12:19:39,021:INFO:create_model_container: 4
2021-12-14 12:19:39,021:INFO:master_model_container: 4
2021-12-14 12:19:39,021:INFO:display_container: 5
2021-12-14 12:19:39,022:INFO:AgglomerativeClustering(affinity='euclidean', compute_full_tree='auto',
                        connectivity=None, distance_threshold=None,
                        linkage='ward', memory=None, n_clusters=4)
2021-12-14 12:19:39,022:INFO:create_model() succesfully completed......................................
2021-12-14 12:19:39,189:INFO:Initializing create_model()
2021-12-14 12:19:39,189:INFO:create_model(estimator=dbscan, num_clusters=4, fraction=0.05, ground_truth=None, round=4, fit_kwargs=None, verbose=True, system=True, raise_num_clusters=False, display=None, kwargs={})
2021-12-14 12:19:39,190:INFO:Checking exceptions
2021-12-14 12:19:39,190:INFO:Preparing display monitor
2021-12-14 12:19:39,285:INFO:Importing libraries
2021-12-14 12:19:39,305:INFO:Importing untrained model
2021-12-14 12:19:39,330:INFO:Density-Based Spatial Clustering Imported succesfully
2021-12-14 12:19:39,354:INFO:Fitting Model
2021-12-14 12:19:39,432:INFO:DBSCAN(algorithm='auto', eps=0.5, leaf_size=30, metric='euclidean',
       metric_params=None, min_samples=5, n_jobs=-1, p=None)
2021-12-14 12:19:39,432:INFO:create_models() succesfully completed......................................
2021-12-14 12:19:39,433:INFO:Uploading results into container
2021-12-14 12:19:39,438:INFO:Uploading model into container now
2021-12-14 12:19:39,454:INFO:create_model_container: 5
2021-12-14 12:19:39,457:INFO:master_model_container: 5
2021-12-14 12:19:39,457:INFO:display_container: 6
2021-12-14 12:19:39,460:INFO:DBSCAN(algorithm='auto', eps=0.5, leaf_size=30, metric='euclidean',
       metric_params=None, min_samples=5, n_jobs=-1, p=None)
2021-12-14 12:19:39,461:INFO:create_model() succesfully completed......................................
2021-12-14 12:19:39,607:INFO:Initializing create_model()
2021-12-14 12:19:39,608:INFO:create_model(estimator=birch, num_clusters=4, fraction=0.05, ground_truth=None, round=4, fit_kwargs=None, verbose=True, system=True, raise_num_clusters=False, display=None, kwargs={})
2021-12-14 12:19:39,608:INFO:Checking exceptions
2021-12-14 12:19:39,609:INFO:Preparing display monitor
2021-12-14 12:19:39,635:INFO:Importing libraries
2021-12-14 12:19:39,654:INFO:Importing untrained model
2021-12-14 12:19:39,669:INFO:Birch Clustering Imported succesfully
2021-12-14 12:19:39,704:INFO:Fitting Model
2021-12-14 12:19:39,799:INFO:Birch(branching_factor=50, compute_labels=True, copy=True, n_clusters=4,
      threshold=0.5)
2021-12-14 12:19:39,799:INFO:create_models() succesfully completed......................................
2021-12-14 12:19:39,800:INFO:Uploading results into container
2021-12-14 12:19:39,805:INFO:Uploading model into container now
2021-12-14 12:19:39,821:INFO:create_model_container: 6
2021-12-14 12:19:39,821:INFO:master_model_container: 6
2021-12-14 12:19:39,821:INFO:display_container: 7
2021-12-14 12:19:39,822:INFO:Birch(branching_factor=50, compute_labels=True, copy=True, n_clusters=4,
      threshold=0.5)
2021-12-14 12:19:39,822:INFO:create_model() succesfully completed......................................
2021-12-14 12:19:39,956:INFO:Initializing create_model()
2021-12-14 12:19:39,956:INFO:create_model(estimator=kmodes, num_clusters=4, fraction=0.05, ground_truth=None, round=4, fit_kwargs=None, verbose=True, system=True, raise_num_clusters=False, display=None, kwargs={})
2021-12-14 12:19:39,957:INFO:Checking exceptions
2021-12-14 12:19:39,957:INFO:Preparing display monitor
2021-12-14 12:19:40,040:INFO:Importing libraries
2021-12-14 12:19:40,068:INFO:Importing untrained model
2021-12-14 12:19:40,083:INFO:K-Modes Clustering Imported succesfully
2021-12-14 12:19:40,105:INFO:Fitting Model
2021-12-14 12:19:42,434:INFO:KModes(cat_dissim=<function matching_dissim at 0x13819c280>, init='Cao',
       max_iter=100, n_clusters=4, n_init=1, n_jobs=-1, random_state=1839,
       verbose=0)
2021-12-14 12:19:42,435:INFO:create_models() succesfully completed......................................
2021-12-14 12:19:42,436:INFO:Uploading results into container
2021-12-14 12:19:42,439:INFO:Uploading model into container now
2021-12-14 12:19:42,450:INFO:create_model_container: 7
2021-12-14 12:19:42,450:INFO:master_model_container: 7
2021-12-14 12:19:42,450:INFO:display_container: 8
2021-12-14 12:19:42,451:INFO:KModes(cat_dissim=<function matching_dissim at 0x13819c280>, init='Cao',
       max_iter=100, n_clusters=4, n_init=1, n_jobs=-1, random_state=1839,
       verbose=0)
2021-12-14 12:19:42,451:INFO:create_model() succesfully completed......................................
2021-12-14 12:23:51,162:INFO:Initializing create_model()
2021-12-14 12:23:51,164:INFO:create_model(estimator=kmeans, num_clusters=4, fraction=0.05, ground_truth=None, round=4, fit_kwargs=None, verbose=True, system=True, raise_num_clusters=False, display=None, kwargs={})
2021-12-14 12:23:51,164:INFO:Checking exceptions
2021-12-14 12:23:51,164:INFO:Preparing display monitor
2021-12-14 12:23:51,259:INFO:Importing libraries
2021-12-14 12:23:51,278:INFO:Importing untrained model
2021-12-14 12:23:51,299:INFO:K-Means Clustering Imported succesfully
2021-12-14 12:23:51,320:INFO:Fitting Model
2021-12-14 12:23:51,822:INFO:KMeans(algorithm='auto', copy_x=True, init='k-means++', max_iter=300,
       n_clusters=4, n_init=10, n_jobs=-1, precompute_distances='deprecated',
       random_state=1839, tol=0.0001, verbose=0)
2021-12-14 12:23:51,822:INFO:create_models() succesfully completed......................................
2021-12-14 12:23:51,823:INFO:Uploading results into container
2021-12-14 12:23:51,838:INFO:Uploading model into container now
2021-12-14 12:23:51,873:INFO:create_model_container: 8
2021-12-14 12:23:51,874:INFO:master_model_container: 8
2021-12-14 12:23:51,874:INFO:display_container: 9
2021-12-14 12:23:51,876:INFO:KMeans(algorithm='auto', copy_x=True, init='k-means++', max_iter=300,
       n_clusters=4, n_init=10, n_jobs=-1, precompute_distances='deprecated',
       random_state=1839, tol=0.0001, verbose=0)
2021-12-14 12:23:51,876:INFO:create_model() succesfully completed......................................
2021-12-14 12:23:58,207:INFO:Initializing plot_model()
2021-12-14 12:23:58,208:INFO:plot_model(plot=cluster, fold=None, use_train_data=False, verbose=True, display=None, estimator=KMeans(algorithm='auto', copy_x=True, init='k-means++', max_iter=300,
       n_clusters=4, n_init=10, n_jobs=-1, precompute_distances='deprecated',
       random_state=1839, tol=0.0001, verbose=0), feature_name=None, fit_kwargs=None, groups=None, label=False, save=False, scale=1, system=True)
2021-12-14 12:23:58,209:INFO:Checking exceptions
2021-12-14 12:23:58,209:INFO:Preparing display monitor
2021-12-14 12:23:58,238:INFO:Preloading libraries
2021-12-14 12:23:58,241:INFO:Copying training dataset
2021-12-14 12:23:58,241:INFO:Plot type: cluster
2021-12-14 12:23:58,329:INFO:SubProcess assign_model() called ==================================
2021-12-14 12:23:58,332:INFO:Initializing assign_model()
2021-12-14 12:23:58,332:INFO:assign_model(model=Pipeline(memory=None,
         steps=[('empty_step', 'passthrough'),
                ('actual_estimator',
                 KMeans(algorithm='auto', copy_x=True, init='k-means++',
                        max_iter=300, n_clusters=4, n_init=10, n_jobs=-1,
                        precompute_distances='deprecated', random_state=1839,
                        tol=0.0001, verbose=0))],
         verbose=False), transformation=True, score=True, verbose=False)
2021-12-14 12:23:58,332:INFO:Checking exceptions
2021-12-14 12:23:58,332:INFO:Determining Trained Model
2021-12-14 12:23:58,332:INFO:Trained Model : K-Means Clustering
2021-12-14 12:23:58,332:INFO:Copying data
2021-12-14 12:23:58,332:INFO:Transformation param set to True. Assigned clusters are attached on transformed dataset.
2021-12-14 12:23:58,333:INFO:(343, 24)
2021-12-14 12:23:58,333:INFO:assign_model() succesfully completed......................................
2021-12-14 12:23:58,334:INFO:SubProcess assign_model() end ==================================
2021-12-14 12:23:58,339:INFO:Fitting PCA()
2021-12-14 12:23:58,382:INFO:Sorting dataframe
2021-12-14 12:23:58,386:INFO:Rendering Visual
2021-12-14 12:23:59,405:INFO:Visual Rendered Successfully
2021-12-14 12:23:59,530:INFO:plot_model() succesfully completed......................................
2021-12-14 12:24:12,256:INFO:Initializing plot_model()
2021-12-14 12:24:12,256:INFO:plot_model(plot=elbow, fold=None, use_train_data=False, verbose=True, display=None, estimator=KMeans(algorithm='auto', copy_x=True, init='k-means++', max_iter=300,
       n_clusters=4, n_init=10, n_jobs=-1, precompute_distances='deprecated',
       random_state=1839, tol=0.0001, verbose=0), feature_name=None, fit_kwargs=None, groups=None, label=False, save=False, scale=1, system=True)
2021-12-14 12:24:12,259:INFO:Checking exceptions
2021-12-14 12:24:12,259:INFO:Preparing display monitor
2021-12-14 12:24:12,278:INFO:Preloading libraries
2021-12-14 12:24:12,280:INFO:Copying training dataset
2021-12-14 12:24:12,281:INFO:Plot type: elbow
2021-12-14 12:24:12,309:INFO:Fitting Model
2021-12-14 12:24:14,583:INFO:Visual Rendered Successfully
2021-12-14 12:24:14,725:INFO:plot_model() succesfully completed......................................
2021-12-14 12:24:42,542:INFO:Initializing plot_model()
2021-12-14 12:24:42,543:INFO:plot_model(plot=silhouette, fold=None, use_train_data=False, verbose=True, display=None, estimator=KMeans(algorithm='auto', copy_x=True, init='k-means++', max_iter=300,
       n_clusters=4, n_init=10, n_jobs=-1, precompute_distances='deprecated',
       random_state=1839, tol=0.0001, verbose=0), feature_name=None, fit_kwargs=None, groups=None, label=False, save=False, scale=1, system=True)
2021-12-14 12:24:42,543:INFO:Checking exceptions
2021-12-14 12:24:42,543:INFO:Preparing display monitor
2021-12-14 12:24:42,563:INFO:Preloading libraries
2021-12-14 12:24:42,568:INFO:Copying training dataset
2021-12-14 12:24:42,569:INFO:Plot type: silhouette
2021-12-14 12:24:42,573:INFO:Fitting Model
2021-12-14 12:24:43,562:INFO:Visual Rendered Successfully
2021-12-14 12:24:43,708:INFO:plot_model() succesfully completed......................................
